(node:2342981) UnhandledPromiseRejectionWarning: Error: secretOrPrivateKey must have a value
    at Object.module.exports [as sign] (/home/unitvjdm/nodevenv/beer.binsoft.online/beer-inventory/14/lib/node_modules/jsonwebtoken/sign.js:111:20)
    at Query.onResult (/home/unitvjdm/beer.binsoft.online/beer-inventory/controllers/userController.js:108:29)
(Use `node --trace-warnings ...` to show where the warning was created)
(node:2342981) UnhandledPromiseRejectionWarning: Unhandled promise rejection. This error originated either by throwing inside of an async function without a catch block, or by rejecting a promise which was not handled with .catch(). To terminate the node process on unhandled promise rejection, use the CLI flag `--unhandled-rejections=strict` (see https://nodejs.org/api/cli.html#cli_unhandled_rejections_mode). (rejection id: 1)
(node:2342981) [DEP0018] DeprecationWarning: Unhandled promise rejections are deprecated. In the future, promise rejections that are not handled will terminate the Node.js process with a non-zero exit code.
/home/unitvjdm/beer.binsoft.online/beer-inventory/models/breweryModel.js:23
      callback(err, data[0]);
                        ^

TypeError: Cannot read property '0' of undefined
    at Query.onResult (/home/unitvjdm/beer.binsoft.online/beer-inventory/models/breweryModel.js:23:25)
    at Connection._notifyError (/home/unitvjdm/nodevenv/beer.binsoft.online/beer-inventory/14/lib/node_modules/mysql2/lib/connection.js:228:21)
    at Connection._handleFatalError (/home/unitvjdm/nodevenv/beer.binsoft.online/beer-inventory/14/lib/node_modules/mysql2/lib/connection.js:183:10)
    at Connection.handlePacket (/home/unitvjdm/nodevenv/beer.binsoft.online/beer-inventory/14/lib/node_modules/mysql2/lib/connection.js:488:12)
    at PacketParser.onPacket (/home/unitvjdm/nodevenv/beer.binsoft.online/beer-inventory/14/lib/node_modules/mysql2/lib/connection.js:97:12)
    at PacketParser.executeStart (/home/unitvjdm/nodevenv/beer.binsoft.online/beer-inventory/14/lib/node_modules/mysql2/lib/packet_parser.js:75:16)
    at Socket.<anonymous> (/home/unitvjdm/nodevenv/beer.binsoft.online/beer-inventory/14/lib/node_modules/mysql2/lib/connection.js:104:25)
    at Socket.emit (events.js:400:28)
    at addChunk (internal/streams/readable.js:293:12)
    at readableAddChunk (internal/streams/readable.js:267:9)
/home/unitvjdm/beer.binsoft.online/beer-inventory/models/breweryModel.js:23
      callback(err, data[0]);
                        ^

TypeError: Cannot read property '0' of undefined
    at Query.onResult (/home/unitvjdm/beer.binsoft.online/beer-inventory/models/breweryModel.js:23:25)
    at Connection._notifyError (/home/unitvjdm/nodevenv/beer.binsoft.online/beer-inventory/14/lib/node_modules/mysql2/lib/connection.js:228:21)
    at Connection._handleFatalError (/home/unitvjdm/nodevenv/beer.binsoft.online/beer-inventory/14/lib/node_modules/mysql2/lib/connection.js:183:10)
    at Connection.handlePacket (/home/unitvjdm/nodevenv/beer.binsoft.online/beer-inventory/14/lib/node_modules/mysql2/lib/connection.js:488:12)
    at PacketParser.onPacket (/home/unitvjdm/nodevenv/beer.binsoft.online/beer-inventory/14/lib/node_modules/mysql2/lib/connection.js:97:12)
    at PacketParser.executeStart (/home/unitvjdm/nodevenv/beer.binsoft.online/beer-inventory/14/lib/node_modules/mysql2/lib/packet_parser.js:75:16)
    at Socket.<anonymous> (/home/unitvjdm/nodevenv/beer.binsoft.online/beer-inventory/14/lib/node_modules/mysql2/lib/connection.js:104:25)
    at Socket.emit (events.js:400:28)
    at addChunk (internal/streams/readable.js:293:12)
    at readableAddChunk (internal/streams/readable.js:267:9)
/home/unitvjdm/beer.binsoft.online/beer-inventory/models/breweryModel.js:23
      callback(err, data[0]);
                        ^

TypeError: Cannot read property '0' of undefined
    at Query.onResult (/home/unitvjdm/beer.binsoft.online/beer-inventory/models/breweryModel.js:23:25)
    at Connection._notifyError (/home/unitvjdm/nodevenv/beer.binsoft.online/beer-inventory/14/lib/node_modules/mysql2/lib/connection.js:228:21)
    at Connection._handleFatalError (/home/unitvjdm/nodevenv/beer.binsoft.online/beer-inventory/14/lib/node_modules/mysql2/lib/connection.js:183:10)
    at Connection.handlePacket (/home/unitvjdm/nodevenv/beer.binsoft.online/beer-inventory/14/lib/node_modules/mysql2/lib/connection.js:488:12)
    at PacketParser.onPacket (/home/unitvjdm/nodevenv/beer.binsoft.online/beer-inventory/14/lib/node_modules/mysql2/lib/connection.js:97:12)
    at PacketParser.executeStart (/home/unitvjdm/nodevenv/beer.binsoft.online/beer-inventory/14/lib/node_modules/mysql2/lib/packet_parser.js:75:16)
    at Socket.<anonymous> (/home/unitvjdm/nodevenv/beer.binsoft.online/beer-inventory/14/lib/node_modules/mysql2/lib/connection.js:104:25)
    at Socket.emit (events.js:400:28)
    at addChunk (internal/streams/readable.js:293:12)
    at readableAddChunk (internal/streams/readable.js:267:9)
/home/unitvjdm/beer.binsoft.online/beer-inventory/models/breweryModel.js:23
      callback(err, data[0]);
                        ^

TypeError: Cannot read property '0' of undefined
    at Query.onResult (/home/unitvjdm/beer.binsoft.online/beer-inventory/models/breweryModel.js:23:25)
    at Connection._notifyError (/home/unitvjdm/nodevenv/beer.binsoft.online/beer-inventory/14/lib/node_modules/mysql2/lib/connection.js:228:21)
    at Connection._handleFatalError (/home/unitvjdm/nodevenv/beer.binsoft.online/beer-inventory/14/lib/node_modules/mysql2/lib/connection.js:183:10)
    at Connection.handlePacket (/home/unitvjdm/nodevenv/beer.binsoft.online/beer-inventory/14/lib/node_modules/mysql2/lib/connection.js:488:12)
    at PacketParser.onPacket (/home/unitvjdm/nodevenv/beer.binsoft.online/beer-inventory/14/lib/node_modules/mysql2/lib/connection.js:97:12)
    at PacketParser.executeStart (/home/unitvjdm/nodevenv/beer.binsoft.online/beer-inventory/14/lib/node_modules/mysql2/lib/packet_parser.js:75:16)
    at Socket.<anonymous> (/home/unitvjdm/nodevenv/beer.binsoft.online/beer-inventory/14/lib/node_modules/mysql2/lib/connection.js:104:25)
    at Socket.emit (events.js:400:28)
    at addChunk (internal/streams/readable.js:293:12)
    at readableAddChunk (internal/streams/readable.js:267:9)
/home/unitvjdm/beer.binsoft.online/beer-inventory/models/breweryModel.js:23
      callback(err, data[0]);
                        ^

TypeError: Cannot read property '0' of undefined
    at Query.onResult (/home/unitvjdm/beer.binsoft.online/beer-inventory/models/breweryModel.js:23:25)
    at Connection._notifyError (/home/unitvjdm/nodevenv/beer.binsoft.online/beer-inventory/14/lib/node_modules/mysql2/lib/connection.js:228:21)
    at Connection._handleFatalError (/home/unitvjdm/nodevenv/beer.binsoft.online/beer-inventory/14/lib/node_modules/mysql2/lib/connection.js:183:10)
    at Connection.handlePacket (/home/unitvjdm/nodevenv/beer.binsoft.online/beer-inventory/14/lib/node_modules/mysql2/lib/connection.js:488:12)
    at PacketParser.onPacket (/home/unitvjdm/nodevenv/beer.binsoft.online/beer-inventory/14/lib/node_modules/mysql2/lib/connection.js:97:12)
    at PacketParser.executeStart (/home/unitvjdm/nodevenv/beer.binsoft.online/beer-inventory/14/lib/node_modules/mysql2/lib/packet_parser.js:75:16)
    at Socket.<anonymous> (/home/unitvjdm/nodevenv/beer.binsoft.online/beer-inventory/14/lib/node_modules/mysql2/lib/connection.js:104:25)
    at Socket.emit (events.js:400:28)
    at addChunk (internal/streams/readable.js:293:12)
    at readableAddChunk (internal/streams/readable.js:267:9)
/home/unitvjdm/beer.binsoft.online/beer-inventory/models/breweryModel.js:23
      callback(err, data[0]);
                        ^

TypeError: Cannot read property '0' of undefined
    at Query.onResult (/home/unitvjdm/beer.binsoft.online/beer-inventory/models/breweryModel.js:23:25)
    at Connection._notifyError (/home/unitvjdm/nodevenv/beer.binsoft.online/beer-inventory/14/lib/node_modules/mysql2/lib/connection.js:228:21)
    at Connection._handleFatalError (/home/unitvjdm/nodevenv/beer.binsoft.online/beer-inventory/14/lib/node_modules/mysql2/lib/connection.js:183:10)
    at Connection.handlePacket (/home/unitvjdm/nodevenv/beer.binsoft.online/beer-inventory/14/lib/node_modules/mysql2/lib/connection.js:488:12)
    at PacketParser.onPacket (/home/unitvjdm/nodevenv/beer.binsoft.online/beer-inventory/14/lib/node_modules/mysql2/lib/connection.js:97:12)
    at PacketParser.executeStart (/home/unitvjdm/nodevenv/beer.binsoft.online/beer-inventory/14/lib/node_modules/mysql2/lib/packet_parser.js:75:16)
    at Socket.<anonymous> (/home/unitvjdm/nodevenv/beer.binsoft.online/beer-inventory/14/lib/node_modules/mysql2/lib/connection.js:104:25)
    at Socket.emit (events.js:400:28)
    at addChunk (internal/streams/readable.js:293:12)
    at readableAddChunk (internal/streams/readable.js:267:9)
/home/unitvjdm/beer.binsoft.online/beer-inventory/models/breweryModel.js:23
      callback(err, data[0]);
                        ^

TypeError: Cannot read property '0' of undefined
    at Query.onResult (/home/unitvjdm/beer.binsoft.online/beer-inventory/models/breweryModel.js:23:25)
    at Connection._notifyError (/home/unitvjdm/nodevenv/beer.binsoft.online/beer-inventory/14/lib/node_modules/mysql2/lib/connection.js:228:21)
    at Connection._handleFatalError (/home/unitvjdm/nodevenv/beer.binsoft.online/beer-inventory/14/lib/node_modules/mysql2/lib/connection.js:183:10)
    at Connection.handlePacket (/home/unitvjdm/nodevenv/beer.binsoft.online/beer-inventory/14/lib/node_modules/mysql2/lib/connection.js:488:12)
    at PacketParser.onPacket (/home/unitvjdm/nodevenv/beer.binsoft.online/beer-inventory/14/lib/node_modules/mysql2/lib/connection.js:97:12)
    at PacketParser.executeStart (/home/unitvjdm/nodevenv/beer.binsoft.online/beer-inventory/14/lib/node_modules/mysql2/lib/packet_parser.js:75:16)
    at Socket.<anonymous> (/home/unitvjdm/nodevenv/beer.binsoft.online/beer-inventory/14/lib/node_modules/mysql2/lib/connection.js:104:25)
    at Socket.emit (events.js:400:28)
    at addChunk (internal/streams/readable.js:293:12)
    at readableAddChunk (internal/streams/readable.js:267:9)
/home/unitvjdm/beer.binsoft.online/beer-inventory/models/breweryModel.js:23
      callback(err, data[0]);
                        ^

TypeError: Cannot read property '0' of undefined
    at Query.onResult (/home/unitvjdm/beer.binsoft.online/beer-inventory/models/breweryModel.js:23:25)
    at Connection._notifyError (/home/unitvjdm/nodevenv/beer.binsoft.online/beer-inventory/14/lib/node_modules/mysql2/lib/connection.js:228:21)
    at Connection._handleFatalError (/home/unitvjdm/nodevenv/beer.binsoft.online/beer-inventory/14/lib/node_modules/mysql2/lib/connection.js:183:10)
    at Connection.handlePacket (/home/unitvjdm/nodevenv/beer.binsoft.online/beer-inventory/14/lib/node_modules/mysql2/lib/connection.js:488:12)
    at PacketParser.onPacket (/home/unitvjdm/nodevenv/beer.binsoft.online/beer-inventory/14/lib/node_modules/mysql2/lib/connection.js:97:12)
    at PacketParser.executeStart (/home/unitvjdm/nodevenv/beer.binsoft.online/beer-inventory/14/lib/node_modules/mysql2/lib/packet_parser.js:75:16)
    at Socket.<anonymous> (/home/unitvjdm/nodevenv/beer.binsoft.online/beer-inventory/14/lib/node_modules/mysql2/lib/connection.js:104:25)
    at Socket.emit (events.js:400:28)
    at addChunk (internal/streams/readable.js:293:12)
    at readableAddChunk (internal/streams/readable.js:267:9)
Exception ignored in: <_io.TextIOWrapper name='<stdout>' mode='w' encoding='utf-8'>
BrokenPipeError: [Errno 32] Broken pipe
/home/unitvjdm/beer.binsoft.online/beer-inventory/models/breweryModel.js:23
      callback(err, data[0]);
                        ^

TypeError: Cannot read property '0' of undefined
    at Query.onResult (/home/unitvjdm/beer.binsoft.online/beer-inventory/models/breweryModel.js:23:25)
    at Connection._notifyError (/home/unitvjdm/nodevenv/beer.binsoft.online/beer-inventory/14/lib/node_modules/mysql2/lib/connection.js:228:21)
    at Connection._handleFatalError (/home/unitvjdm/nodevenv/beer.binsoft.online/beer-inventory/14/lib/node_modules/mysql2/lib/connection.js:183:10)
    at Connection.handlePacket (/home/unitvjdm/nodevenv/beer.binsoft.online/beer-inventory/14/lib/node_modules/mysql2/lib/connection.js:488:12)
    at PacketParser.onPacket (/home/unitvjdm/nodevenv/beer.binsoft.online/beer-inventory/14/lib/node_modules/mysql2/lib/connection.js:97:12)
    at PacketParser.executeStart (/home/unitvjdm/nodevenv/beer.binsoft.online/beer-inventory/14/lib/node_modules/mysql2/lib/packet_parser.js:75:16)
    at Socket.<anonymous> (/home/unitvjdm/nodevenv/beer.binsoft.online/beer-inventory/14/lib/node_modules/mysql2/lib/connection.js:104:25)
    at Socket.emit (events.js:400:28)
    at addChunk (internal/streams/readable.js:293:12)
    at readableAddChunk (internal/streams/readable.js:267:9)
(node:2374003) UnhandledPromiseRejectionWarning: Error: secretOrPrivateKey must have a value
    at Object.module.exports [as sign] (/home/unitvjdm/nodevenv/beer.binsoft.online/beer-inventory/14/lib/node_modules/jsonwebtoken/sign.js:111:20)
    at Query.onResult (/home/unitvjdm/beer.binsoft.online/beer-inventory/controllers/userController.js:108:29)
(Use `node --trace-warnings ...` to show where the warning was created)
(node:2374003) UnhandledPromiseRejectionWarning: Unhandled promise rejection. This error originated either by throwing inside of an async function without a catch block, or by rejecting a promise which was not handled with .catch(). To terminate the node process on unhandled promise rejection, use the CLI flag `--unhandled-rejections=strict` (see https://nodejs.org/api/cli.html#cli_unhandled_rejections_mode). (rejection id: 1)
(node:2374003) [DEP0018] DeprecationWarning: Unhandled promise rejections are deprecated. In the future, promise rejections that are not handled will terminate the Node.js process with a non-zero exit code.
(node:2374542) UnhandledPromiseRejectionWarning: Error: secretOrPrivateKey must have a value
    at Object.module.exports [as sign] (/home/unitvjdm/nodevenv/beer.binsoft.online/beer-inventory/14/lib/node_modules/jsonwebtoken/sign.js:111:20)
    at Query.onResult (/home/unitvjdm/beer.binsoft.online/beer-inventory/controllers/userController.js:108:29)
(Use `node --trace-warnings ...` to show where the warning was created)
(node:2374542) UnhandledPromiseRejectionWarning: Unhandled promise rejection. This error originated either by throwing inside of an async function without a catch block, or by rejecting a promise which was not handled with .catch(). To terminate the node process on unhandled promise rejection, use the CLI flag `--unhandled-rejections=strict` (see https://nodejs.org/api/cli.html#cli_unhandled_rejections_mode). (rejection id: 1)
(node:2374542) [DEP0018] DeprecationWarning: Unhandled promise rejections are deprecated. In the future, promise rejections that are not handled will terminate the Node.js process with a non-zero exit code.
(node:2374542) UnhandledPromiseRejectionWarning: Error: secretOrPrivateKey must have a value
    at Object.module.exports [as sign] (/home/unitvjdm/nodevenv/beer.binsoft.online/beer-inventory/14/lib/node_modules/jsonwebtoken/sign.js:111:20)
    at Query.onResult (/home/unitvjdm/beer.binsoft.online/beer-inventory/controllers/userController.js:108:29)
(node:2374542) UnhandledPromiseRejectionWarning: Unhandled promise rejection. This error originated either by throwing inside of an async function without a catch block, or by rejecting a promise which was not handled with .catch(). To terminate the node process on unhandled promise rejection, use the CLI flag `--unhandled-rejections=strict` (see https://nodejs.org/api/cli.html#cli_unhandled_rejections_mode). (rejection id: 2)
(node:2389466) UnhandledPromiseRejectionWarning: Error: secretOrPrivateKey must have a value
    at Object.module.exports [as sign] (/home/unitvjdm/nodevenv/beer.binsoft.online/beer-inventory/14/lib/node_modules/jsonwebtoken/sign.js:111:20)
    at Query.onResult (/home/unitvjdm/beer.binsoft.online/beer-inventory/controllers/userController.js:108:29)
(Use `node --trace-warnings ...` to show where the warning was created)
(node:2389466) UnhandledPromiseRejectionWarning: Unhandled promise rejection. This error originated either by throwing inside of an async function without a catch block, or by rejecting a promise which was not handled with .catch(). To terminate the node process on unhandled promise rejection, use the CLI flag `--unhandled-rejections=strict` (see https://nodejs.org/api/cli.html#cli_unhandled_rejections_mode). (rejection id: 1)
(node:2389466) [DEP0018] DeprecationWarning: Unhandled promise rejections are deprecated. In the future, promise rejections that are not handled will terminate the Node.js process with a non-zero exit code.
(node:2389466) UnhandledPromiseRejectionWarning: Error: secretOrPrivateKey must have a value
    at Object.module.exports [as sign] (/home/unitvjdm/nodevenv/beer.binsoft.online/beer-inventory/14/lib/node_modules/jsonwebtoken/sign.js:111:20)
    at Query.onResult (/home/unitvjdm/beer.binsoft.online/beer-inventory/controllers/userController.js:108:29)
(node:2389466) UnhandledPromiseRejectionWarning: Unhandled promise rejection. This error originated either by throwing inside of an async function without a catch block, or by rejecting a promise which was not handled with .catch(). To terminate the node process on unhandled promise rejection, use the CLI flag `--unhandled-rejections=strict` (see https://nodejs.org/api/cli.html#cli_unhandled_rejections_mode). (rejection id: 2)
